2018-08-06 00:53:40,619 DEBUG [Forwarding newSession on session null to remote] RequestAddCookies:122 - CookieSpec selected: default
2018-08-06 00:53:40,638 DEBUG [Forwarding newSession on session null to remote] RequestAuthCache:76 - Auth cache not set in the context
2018-08-06 00:53:40,641 DEBUG [Forwarding newSession on session null to remote] PoolingHttpClientConnectionManager:249 - Connection request: [route: {}->http://localhost:3642][total kept alive: 0; route allocated: 0 of 2000; total allocated: 0 of 2000]
2018-08-06 00:53:40,658 DEBUG [Forwarding newSession on session null to remote] PoolingHttpClientConnectionManager:282 - Connection leased: [id: 0][route: {}->http://localhost:3642][total kept alive: 0; route allocated: 1 of 2000; total allocated: 1 of 2000]
2018-08-06 00:53:40,658 DEBUG [Forwarding newSession on session null to remote] MainClientExec:234 - Opening connection {}->http://localhost:3642
2018-08-06 00:53:40,663 DEBUG [Forwarding newSession on session null to remote] DefaultHttpClientConnectionOperator:131 - Connecting to localhost/127.0.0.1:3642
2018-08-06 00:53:40,665 DEBUG [Forwarding newSession on session null to remote] DefaultHttpClientConnectionOperator:138 - Connection established 127.0.0.1:53077<->127.0.0.1:3642
2018-08-06 00:53:40,666 DEBUG [Forwarding newSession on session null to remote] DefaultManagedHttpClientConnection:90 - http-outgoing-0: set socket timeout to 10800000
2018-08-06 00:53:40,666 DEBUG [Forwarding newSession on session null to remote] MainClientExec:255 - Executing request POST /session HTTP/1.1
2018-08-06 00:53:40,667 DEBUG [Forwarding newSession on session null to remote] MainClientExec:260 - Target auth state: UNCHALLENGED
2018-08-06 00:53:40,668 DEBUG [Forwarding newSession on session null to remote] MainClientExec:266 - Proxy auth state: UNCHALLENGED
2018-08-06 00:53:40,670 DEBUG [Forwarding newSession on session null to remote] headers:135 - http-outgoing-0 >> POST /session HTTP/1.1
2018-08-06 00:53:40,670 DEBUG [Forwarding newSession on session null to remote] headers:138 - http-outgoing-0 >> Content-Type: application/json; charset=utf-8
2018-08-06 00:53:40,670 DEBUG [Forwarding newSession on session null to remote] headers:138 - http-outgoing-0 >> Content-Length: 122
2018-08-06 00:53:40,671 DEBUG [Forwarding newSession on session null to remote] headers:138 - http-outgoing-0 >> Host: localhost:3642
2018-08-06 00:53:40,671 DEBUG [Forwarding newSession on session null to remote] headers:138 - http-outgoing-0 >> Connection: Keep-Alive
2018-08-06 00:53:40,672 DEBUG [Forwarding newSession on session null to remote] headers:138 - http-outgoing-0 >> User-Agent: Apache-HttpClient/4.5.1 (Java/1.8.0_131)
2018-08-06 00:53:40,673 DEBUG [Forwarding newSession on session null to remote] headers:138 - http-outgoing-0 >> Accept-Encoding: gzip,deflate
2018-08-06 00:53:40,673 DEBUG [Forwarding newSession on session null to remote] wire:72 - http-outgoing-0 >> "POST /session HTTP/1.1[\r][\n]"
2018-08-06 00:53:40,674 DEBUG [Forwarding newSession on session null to remote] wire:72 - http-outgoing-0 >> "Content-Type: application/json; charset=utf-8[\r][\n]"
2018-08-06 00:53:40,674 DEBUG [Forwarding newSession on session null to remote] wire:72 - http-outgoing-0 >> "Content-Length: 122[\r][\n]"
2018-08-06 00:53:40,675 DEBUG [Forwarding newSession on session null to remote] wire:72 - http-outgoing-0 >> "Host: localhost:3642[\r][\n]"
2018-08-06 00:53:40,675 DEBUG [Forwarding newSession on session null to remote] wire:72 - http-outgoing-0 >> "Connection: Keep-Alive[\r][\n]"
2018-08-06 00:53:40,677 DEBUG [Forwarding newSession on session null to remote] wire:72 - http-outgoing-0 >> "User-Agent: Apache-HttpClient/4.5.1 (Java/1.8.0_131)[\r][\n]"
2018-08-06 00:53:40,677 DEBUG [Forwarding newSession on session null to remote] wire:72 - http-outgoing-0 >> "Accept-Encoding: gzip,deflate[\r][\n]"
2018-08-06 00:53:40,679 DEBUG [Forwarding newSession on session null to remote] wire:72 - http-outgoing-0 >> "[\r][\n]"
2018-08-06 00:53:40,679 DEBUG [Forwarding newSession on session null to remote] wire:86 - http-outgoing-0 >> "{"desiredCapabilities":{"browserName":"chrome","chromeOptions":{"args":[],"extensions":[]},"version":"","platform":"ANY"}}"
2018-08-06 00:53:42,818 DEBUG [Forwarding newSession on session null to remote] wire:72 - http-outgoing-0 << "HTTP/1.1 200 OK[\r][\n]"
2018-08-06 00:53:42,820 DEBUG [Forwarding newSession on session null to remote] wire:72 - http-outgoing-0 << "Content-Length:894[\r][\n]"
2018-08-06 00:53:42,821 DEBUG [Forwarding newSession on session null to remote] wire:72 - http-outgoing-0 << "Content-Type:application/json; charset=utf-8[\r][\n]"
2018-08-06 00:53:42,822 DEBUG [Forwarding newSession on session null to remote] wire:72 - http-outgoing-0 << "[\r][\n]"
2018-08-06 00:53:42,824 DEBUG [Forwarding newSession on session null to remote] wire:86 - http-outgoing-0 << "{"sessionId":"4d9cf42971caa1fd17d8140b28fc5a9b","status":0,"value":{"acceptInsecureCerts":false,"acceptSslCerts":false,"applicationCacheEnabled":false,"browserConnectionEnabled":false,"browserName":"chrome","chrome":{"chromedriverVersion":"2.41.578737 (49da6702b16031c40d63e5618de03a32ff6c197e)","userDataDir":"C:\\Users\\SATYA~1.SAT\\AppData\\Local\\Temp\\scoped_dir14084_14117"},"cssSelectorsEnabled":true,"databaseEnabled":false,"goog:chromeOptions":{"debuggerAddress":"localhost:53078"},"handlesAlerts":true,"hasTouchScreen":false,"javascriptEnabled":true,"locationContextEnabled":true,"mobileEmulationEnabled":false,"nativeEvents":true,"networkConnectionEnabled":false,"pageLoadStrategy":"normal","platform":"Windows NT","rotatable":false,"setWindowRect":true,"takesHeapSnapshot":true,"takesScreenshot":true,"unexpectedAlertBehaviour":"","version":"67.0.3396.99","webStorageEnabled":true}}"
2018-08-06 00:53:42,836 DEBUG [Forwarding newSession on session null to remote] headers:124 - http-outgoing-0 << HTTP/1.1 200 OK
2018-08-06 00:53:42,838 DEBUG [Forwarding newSession on session null to remote] headers:127 - http-outgoing-0 << Content-Length:894
2018-08-06 00:53:42,839 DEBUG [Forwarding newSession on session null to remote] headers:127 - http-outgoing-0 << Content-Type:application/json; charset=utf-8
2018-08-06 00:53:42,854 DEBUG [Forwarding newSession on session null to remote] MainClientExec:284 - Connection can be kept alive indefinitely
2018-08-06 00:53:42,880 DEBUG [Forwarding newSession on session null to remote] PoolingHttpClientConnectionManager:314 - Connection [id: 0][route: {}->http://localhost:3642] can be kept alive indefinitely
2018-08-06 00:53:42,882 DEBUG [Forwarding newSession on session null to remote] PoolingHttpClientConnectionManager:320 - Connection released: [id: 0][route: {}->http://localhost:3642][total kept alive: 1; route allocated: 1 of 2000; total allocated: 1 of 2000]
2018-08-06 00:53:42,939 DEBUG [Forwarding get on session 4d9cf42971caa1fd17d8140b28fc5a9b to remote] RequestAddCookies:122 - CookieSpec selected: default
2018-08-06 00:53:42,943 DEBUG [Forwarding get on session 4d9cf42971caa1fd17d8140b28fc5a9b to remote] RequestAuthCache:76 - Auth cache not set in the context
2018-08-06 00:53:42,943 DEBUG [Forwarding get on session 4d9cf42971caa1fd17d8140b28fc5a9b to remote] PoolingHttpClientConnectionManager:249 - Connection request: [route: {}->http://localhost:3642][total kept alive: 1; route allocated: 1 of 2000; total allocated: 1 of 2000]
2018-08-06 00:53:42,948 DEBUG [Forwarding get on session 4d9cf42971caa1fd17d8140b28fc5a9b to remote] PoolingHttpClientConnectionManager:282 - Connection leased: [id: 0][route: {}->http://localhost:3642][total kept alive: 0; route allocated: 1 of 2000; total allocated: 1 of 2000]
2018-08-06 00:53:42,950 DEBUG [Forwarding get on session 4d9cf42971caa1fd17d8140b28fc5a9b to remote] MainClientExec:207 - Stale connection check
2018-08-06 00:53:42,954 DEBUG [Forwarding get on session 4d9cf42971caa1fd17d8140b28fc5a9b to remote] wire:86 - http-outgoing-0 << "[read] I/O error: Read timed out"
2018-08-06 00:53:42,954 DEBUG [Forwarding get on session 4d9cf42971caa1fd17d8140b28fc5a9b to remote] DefaultManagedHttpClientConnection:90 - http-outgoing-0: set socket timeout to 10800000
2018-08-06 00:53:42,954 DEBUG [Forwarding get on session 4d9cf42971caa1fd17d8140b28fc5a9b to remote] MainClientExec:255 - Executing request POST /session/4d9cf42971caa1fd17d8140b28fc5a9b/url HTTP/1.1
2018-08-06 00:53:42,954 DEBUG [Forwarding get on session 4d9cf42971caa1fd17d8140b28fc5a9b to remote] MainClientExec:260 - Target auth state: UNCHALLENGED
2018-08-06 00:53:42,958 DEBUG [Forwarding get on session 4d9cf42971caa1fd17d8140b28fc5a9b to remote] MainClientExec:266 - Proxy auth state: UNCHALLENGED
2018-08-06 00:53:42,958 DEBUG [Forwarding get on session 4d9cf42971caa1fd17d8140b28fc5a9b to remote] headers:135 - http-outgoing-0 >> POST /session/4d9cf42971caa1fd17d8140b28fc5a9b/url HTTP/1.1
2018-08-06 00:53:42,958 DEBUG [Forwarding get on session 4d9cf42971caa1fd17d8140b28fc5a9b to remote] headers:138 - http-outgoing-0 >> Content-Type: application/json; charset=utf-8
2018-08-06 00:53:42,962 DEBUG [Forwarding get on session 4d9cf42971caa1fd17d8140b28fc5a9b to remote] headers:138 - http-outgoing-0 >> Content-Length: 33
2018-08-06 00:53:42,963 DEBUG [Forwarding get on session 4d9cf42971caa1fd17d8140b28fc5a9b to remote] headers:138 - http-outgoing-0 >> Host: localhost:3642
2018-08-06 00:53:42,965 DEBUG [Forwarding get on session 4d9cf42971caa1fd17d8140b28fc5a9b to remote] headers:138 - http-outgoing-0 >> Connection: Keep-Alive
2018-08-06 00:53:42,967 DEBUG [Forwarding get on session 4d9cf42971caa1fd17d8140b28fc5a9b to remote] headers:138 - http-outgoing-0 >> User-Agent: Apache-HttpClient/4.5.1 (Java/1.8.0_131)
2018-08-06 00:53:42,967 DEBUG [Forwarding get on session 4d9cf42971caa1fd17d8140b28fc5a9b to remote] headers:138 - http-outgoing-0 >> Accept-Encoding: gzip,deflate
2018-08-06 00:53:42,971 DEBUG [Forwarding get on session 4d9cf42971caa1fd17d8140b28fc5a9b to remote] wire:72 - http-outgoing-0 >> "POST /session/4d9cf42971caa1fd17d8140b28fc5a9b/url HTTP/1.1[\r][\n]"
2018-08-06 00:53:42,973 DEBUG [Forwarding get on session 4d9cf42971caa1fd17d8140b28fc5a9b to remote] wire:72 - http-outgoing-0 >> "Content-Type: application/json; charset=utf-8[\r][\n]"
2018-08-06 00:53:42,975 DEBUG [Forwarding get on session 4d9cf42971caa1fd17d8140b28fc5a9b to remote] wire:72 - http-outgoing-0 >> "Content-Length: 33[\r][\n]"
2018-08-06 00:53:42,975 DEBUG [Forwarding get on session 4d9cf42971caa1fd17d8140b28fc5a9b to remote] wire:72 - http-outgoing-0 >> "Host: localhost:3642[\r][\n]"
2018-08-06 00:53:42,975 DEBUG [Forwarding get on session 4d9cf42971caa1fd17d8140b28fc5a9b to remote] wire:72 - http-outgoing-0 >> "Connection: Keep-Alive[\r][\n]"
2018-08-06 00:53:42,975 DEBUG [Forwarding get on session 4d9cf42971caa1fd17d8140b28fc5a9b to remote] wire:72 - http-outgoing-0 >> "User-Agent: Apache-HttpClient/4.5.1 (Java/1.8.0_131)[\r][\n]"
2018-08-06 00:53:42,983 DEBUG [Forwarding get on session 4d9cf42971caa1fd17d8140b28fc5a9b to remote] wire:72 - http-outgoing-0 >> "Accept-Encoding: gzip,deflate[\r][\n]"
2018-08-06 00:53:42,983 DEBUG [Forwarding get on session 4d9cf42971caa1fd17d8140b28fc5a9b to remote] wire:72 - http-outgoing-0 >> "[\r][\n]"
2018-08-06 00:53:42,987 DEBUG [Forwarding get on session 4d9cf42971caa1fd17d8140b28fc5a9b to remote] wire:86 - http-outgoing-0 >> "{"url":"https://www.freecrm.com"}"
2018-08-06 00:53:55,551 DEBUG [Forwarding get on session 4d9cf42971caa1fd17d8140b28fc5a9b to remote] wire:72 - http-outgoing-0 << "HTTP/1.1 200 OK[\r][\n]"
2018-08-06 00:53:55,553 DEBUG [Forwarding get on session 4d9cf42971caa1fd17d8140b28fc5a9b to remote] wire:72 - http-outgoing-0 << "Content-Length:72[\r][\n]"
2018-08-06 00:53:55,554 DEBUG [Forwarding get on session 4d9cf42971caa1fd17d8140b28fc5a9b to remote] wire:72 - http-outgoing-0 << "Content-Type:application/json; charset=utf-8[\r][\n]"
2018-08-06 00:53:55,557 DEBUG [Forwarding get on session 4d9cf42971caa1fd17d8140b28fc5a9b to remote] wire:72 - http-outgoing-0 << "[\r][\n]"
2018-08-06 00:53:55,557 DEBUG [Forwarding get on session 4d9cf42971caa1fd17d8140b28fc5a9b to remote] wire:86 - http-outgoing-0 << "{"sessionId":"4d9cf42971caa1fd17d8140b28fc5a9b","status":0,"value":null}"
2018-08-06 00:53:55,557 DEBUG [Forwarding get on session 4d9cf42971caa1fd17d8140b28fc5a9b to remote] headers:124 - http-outgoing-0 << HTTP/1.1 200 OK
2018-08-06 00:53:55,559 DEBUG [Forwarding get on session 4d9cf42971caa1fd17d8140b28fc5a9b to remote] headers:127 - http-outgoing-0 << Content-Length:72
2018-08-06 00:53:55,559 DEBUG [Forwarding get on session 4d9cf42971caa1fd17d8140b28fc5a9b to remote] headers:127 - http-outgoing-0 << Content-Type:application/json; charset=utf-8
2018-08-06 00:53:55,560 DEBUG [Forwarding get on session 4d9cf42971caa1fd17d8140b28fc5a9b to remote] MainClientExec:284 - Connection can be kept alive indefinitely
2018-08-06 00:53:55,560 DEBUG [Forwarding get on session 4d9cf42971caa1fd17d8140b28fc5a9b to remote] PoolingHttpClientConnectionManager:314 - Connection [id: 0][route: {}->http://localhost:3642] can be kept alive indefinitely
2018-08-06 00:53:55,560 DEBUG [Forwarding get on session 4d9cf42971caa1fd17d8140b28fc5a9b to remote] PoolingHttpClientConnectionManager:320 - Connection released: [id: 0][route: {}->http://localhost:3642][total kept alive: 1; route allocated: 1 of 2000; total allocated: 1 of 2000]
2018-08-06 00:53:55,575 DEBUG [Forwarding maximizeWindow on session 4d9cf42971caa1fd17d8140b28fc5a9b to remote] RequestAddCookies:122 - CookieSpec selected: default
2018-08-06 00:53:55,576 DEBUG [Forwarding maximizeWindow on session 4d9cf42971caa1fd17d8140b28fc5a9b to remote] RequestAuthCache:76 - Auth cache not set in the context
2018-08-06 00:53:55,577 DEBUG [Forwarding maximizeWindow on session 4d9cf42971caa1fd17d8140b28fc5a9b to remote] PoolingHttpClientConnectionManager:249 - Connection request: [route: {}->http://localhost:3642][total kept alive: 1; route allocated: 1 of 2000; total allocated: 1 of 2000]
2018-08-06 00:53:55,578 DEBUG [Forwarding maximizeWindow on session 4d9cf42971caa1fd17d8140b28fc5a9b to remote] PoolingHttpClientConnectionManager:282 - Connection leased: [id: 0][route: {}->http://localhost:3642][total kept alive: 0; route allocated: 1 of 2000; total allocated: 1 of 2000]
2018-08-06 00:53:55,578 DEBUG [Forwarding maximizeWindow on session 4d9cf42971caa1fd17d8140b28fc5a9b to remote] MainClientExec:207 - Stale connection check
2018-08-06 00:53:55,582 DEBUG [Forwarding maximizeWindow on session 4d9cf42971caa1fd17d8140b28fc5a9b to remote] wire:86 - http-outgoing-0 << "[read] I/O error: Read timed out"
2018-08-06 00:53:55,582 DEBUG [Forwarding maximizeWindow on session 4d9cf42971caa1fd17d8140b28fc5a9b to remote] DefaultManagedHttpClientConnection:90 - http-outgoing-0: set socket timeout to 10800000
2018-08-06 00:53:55,583 DEBUG [Forwarding maximizeWindow on session 4d9cf42971caa1fd17d8140b28fc5a9b to remote] MainClientExec:255 - Executing request POST /session/4d9cf42971caa1fd17d8140b28fc5a9b/window/current/maximize HTTP/1.1
2018-08-06 00:53:55,583 DEBUG [Forwarding maximizeWindow on session 4d9cf42971caa1fd17d8140b28fc5a9b to remote] MainClientExec:260 - Target auth state: UNCHALLENGED
2018-08-06 00:53:55,583 DEBUG [Forwarding maximizeWindow on session 4d9cf42971caa1fd17d8140b28fc5a9b to remote] MainClientExec:266 - Proxy auth state: UNCHALLENGED
2018-08-06 00:53:55,584 DEBUG [Forwarding maximizeWindow on session 4d9cf42971caa1fd17d8140b28fc5a9b to remote] headers:135 - http-outgoing-0 >> POST /session/4d9cf42971caa1fd17d8140b28fc5a9b/window/current/maximize HTTP/1.1
2018-08-06 00:53:55,584 DEBUG [Forwarding maximizeWindow on session 4d9cf42971caa1fd17d8140b28fc5a9b to remote] headers:138 - http-outgoing-0 >> Content-Type: application/json; charset=utf-8
2018-08-06 00:53:55,585 DEBUG [Forwarding maximizeWindow on session 4d9cf42971caa1fd17d8140b28fc5a9b to remote] headers:138 - http-outgoing-0 >> Content-Length: 26
2018-08-06 00:53:55,585 DEBUG [Forwarding maximizeWindow on session 4d9cf42971caa1fd17d8140b28fc5a9b to remote] headers:138 - http-outgoing-0 >> Host: localhost:3642
2018-08-06 00:53:55,586 DEBUG [Forwarding maximizeWindow on session 4d9cf42971caa1fd17d8140b28fc5a9b to remote] headers:138 - http-outgoing-0 >> Connection: Keep-Alive
2018-08-06 00:53:55,586 DEBUG [Forwarding maximizeWindow on session 4d9cf42971caa1fd17d8140b28fc5a9b to remote] headers:138 - http-outgoing-0 >> User-Agent: Apache-HttpClient/4.5.1 (Java/1.8.0_131)
2018-08-06 00:53:55,586 DEBUG [Forwarding maximizeWindow on session 4d9cf42971caa1fd17d8140b28fc5a9b to remote] headers:138 - http-outgoing-0 >> Accept-Encoding: gzip,deflate
2018-08-06 00:53:55,587 DEBUG [Forwarding maximizeWindow on session 4d9cf42971caa1fd17d8140b28fc5a9b to remote] wire:72 - http-outgoing-0 >> "POST /session/4d9cf42971caa1fd17d8140b28fc5a9b/window/current/maximize HTTP/1.1[\r][\n]"
2018-08-06 00:53:55,587 DEBUG [Forwarding maximizeWindow on session 4d9cf42971caa1fd17d8140b28fc5a9b to remote] wire:72 - http-outgoing-0 >> "Content-Type: application/json; charset=utf-8[\r][\n]"
2018-08-06 00:53:55,587 DEBUG [Forwarding maximizeWindow on session 4d9cf42971caa1fd17d8140b28fc5a9b to remote] wire:72 - http-outgoing-0 >> "Content-Length: 26[\r][\n]"
2018-08-06 00:53:55,588 DEBUG [Forwarding maximizeWindow on session 4d9cf42971caa1fd17d8140b28fc5a9b to remote] wire:72 - http-outgoing-0 >> "Host: localhost:3642[\r][\n]"
2018-08-06 00:53:55,588 DEBUG [Forwarding maximizeWindow on session 4d9cf42971caa1fd17d8140b28fc5a9b to remote] wire:72 - http-outgoing-0 >> "Connection: Keep-Alive[\r][\n]"
2018-08-06 00:53:55,588 DEBUG [Forwarding maximizeWindow on session 4d9cf42971caa1fd17d8140b28fc5a9b to remote] wire:72 - http-outgoing-0 >> "User-Agent: Apache-HttpClient/4.5.1 (Java/1.8.0_131)[\r][\n]"
2018-08-06 00:53:55,588 DEBUG [Forwarding maximizeWindow on session 4d9cf42971caa1fd17d8140b28fc5a9b to remote] wire:72 - http-outgoing-0 >> "Accept-Encoding: gzip,deflate[\r][\n]"
2018-08-06 00:53:55,588 DEBUG [Forwarding maximizeWindow on session 4d9cf42971caa1fd17d8140b28fc5a9b to remote] wire:72 - http-outgoing-0 >> "[\r][\n]"
2018-08-06 00:53:55,590 DEBUG [Forwarding maximizeWindow on session 4d9cf42971caa1fd17d8140b28fc5a9b to remote] wire:86 - http-outgoing-0 >> "{"windowHandle":"current"}"
2018-08-06 00:53:56,726 DEBUG [Forwarding maximizeWindow on session 4d9cf42971caa1fd17d8140b28fc5a9b to remote] wire:72 - http-outgoing-0 << "HTTP/1.1 200 OK[\r][\n]"
2018-08-06 00:53:56,726 DEBUG [Forwarding maximizeWindow on session 4d9cf42971caa1fd17d8140b28fc5a9b to remote] wire:72 - http-outgoing-0 << "Content-Length:72[\r][\n]"
2018-08-06 00:53:56,727 DEBUG [Forwarding maximizeWindow on session 4d9cf42971caa1fd17d8140b28fc5a9b to remote] wire:72 - http-outgoing-0 << "Content-Type:application/json; charset=utf-8[\r][\n]"
2018-08-06 00:53:56,727 DEBUG [Forwarding maximizeWindow on session 4d9cf42971caa1fd17d8140b28fc5a9b to remote] wire:72 - http-outgoing-0 << "[\r][\n]"
2018-08-06 00:53:56,727 DEBUG [Forwarding maximizeWindow on session 4d9cf42971caa1fd17d8140b28fc5a9b to remote] wire:86 - http-outgoing-0 << "{"sessionId":"4d9cf42971caa1fd17d8140b28fc5a9b","status":0,"value":null}"
2018-08-06 00:53:56,727 DEBUG [Forwarding maximizeWindow on session 4d9cf42971caa1fd17d8140b28fc5a9b to remote] headers:124 - http-outgoing-0 << HTTP/1.1 200 OK
2018-08-06 00:53:56,729 DEBUG [Forwarding maximizeWindow on session 4d9cf42971caa1fd17d8140b28fc5a9b to remote] headers:127 - http-outgoing-0 << Content-Length:72
2018-08-06 00:53:56,729 DEBUG [Forwarding maximizeWindow on session 4d9cf42971caa1fd17d8140b28fc5a9b to remote] headers:127 - http-outgoing-0 << Content-Type:application/json; charset=utf-8
2018-08-06 00:53:56,730 DEBUG [Forwarding maximizeWindow on session 4d9cf42971caa1fd17d8140b28fc5a9b to remote] MainClientExec:284 - Connection can be kept alive indefinitely
2018-08-06 00:53:56,732 DEBUG [Forwarding maximizeWindow on session 4d9cf42971caa1fd17d8140b28fc5a9b to remote] PoolingHttpClientConnectionManager:314 - Connection [id: 0][route: {}->http://localhost:3642] can be kept alive indefinitely
2018-08-06 00:53:56,733 DEBUG [Forwarding maximizeWindow on session 4d9cf42971caa1fd17d8140b28fc5a9b to remote] PoolingHttpClientConnectionManager:320 - Connection released: [id: 0][route: {}->http://localhost:3642][total kept alive: 1; route allocated: 1 of 2000; total allocated: 1 of 2000]
2018-08-06 00:53:56,736 DEBUG [Forwarding setTimeout on session 4d9cf42971caa1fd17d8140b28fc5a9b to remote] RequestAddCookies:122 - CookieSpec selected: default
2018-08-06 00:53:56,737 DEBUG [Forwarding setTimeout on session 4d9cf42971caa1fd17d8140b28fc5a9b to remote] RequestAuthCache:76 - Auth cache not set in the context
2018-08-06 00:53:56,737 DEBUG [Forwarding setTimeout on session 4d9cf42971caa1fd17d8140b28fc5a9b to remote] PoolingHttpClientConnectionManager:249 - Connection request: [route: {}->http://localhost:3642][total kept alive: 1; route allocated: 1 of 2000; total allocated: 1 of 2000]
2018-08-06 00:53:56,738 DEBUG [Forwarding setTimeout on session 4d9cf42971caa1fd17d8140b28fc5a9b to remote] PoolingHttpClientConnectionManager:282 - Connection leased: [id: 0][route: {}->http://localhost:3642][total kept alive: 0; route allocated: 1 of 2000; total allocated: 1 of 2000]
2018-08-06 00:53:56,738 DEBUG [Forwarding setTimeout on session 4d9cf42971caa1fd17d8140b28fc5a9b to remote] MainClientExec:207 - Stale connection check
2018-08-06 00:53:56,742 DEBUG [Forwarding setTimeout on session 4d9cf42971caa1fd17d8140b28fc5a9b to remote] wire:86 - http-outgoing-0 << "[read] I/O error: Read timed out"
2018-08-06 00:53:56,743 DEBUG [Forwarding setTimeout on session 4d9cf42971caa1fd17d8140b28fc5a9b to remote] DefaultManagedHttpClientConnection:90 - http-outgoing-0: set socket timeout to 10800000
2018-08-06 00:53:56,743 DEBUG [Forwarding setTimeout on session 4d9cf42971caa1fd17d8140b28fc5a9b to remote] MainClientExec:255 - Executing request POST /session/4d9cf42971caa1fd17d8140b28fc5a9b/timeouts HTTP/1.1
2018-08-06 00:53:56,743 DEBUG [Forwarding setTimeout on session 4d9cf42971caa1fd17d8140b28fc5a9b to remote] MainClientExec:260 - Target auth state: UNCHALLENGED
2018-08-06 00:53:56,744 DEBUG [Forwarding setTimeout on session 4d9cf42971caa1fd17d8140b28fc5a9b to remote] MainClientExec:266 - Proxy auth state: UNCHALLENGED
2018-08-06 00:53:56,744 DEBUG [Forwarding setTimeout on session 4d9cf42971caa1fd17d8140b28fc5a9b to remote] headers:135 - http-outgoing-0 >> POST /session/4d9cf42971caa1fd17d8140b28fc5a9b/timeouts HTTP/1.1
2018-08-06 00:53:56,744 DEBUG [Forwarding setTimeout on session 4d9cf42971caa1fd17d8140b28fc5a9b to remote] headers:138 - http-outgoing-0 >> Content-Type: application/json; charset=utf-8
2018-08-06 00:53:56,744 DEBUG [Forwarding setTimeout on session 4d9cf42971caa1fd17d8140b28fc5a9b to remote] headers:138 - http-outgoing-0 >> Content-Length: 29
2018-08-06 00:53:56,745 DEBUG [Forwarding setTimeout on session 4d9cf42971caa1fd17d8140b28fc5a9b to remote] headers:138 - http-outgoing-0 >> Host: localhost:3642
2018-08-06 00:53:56,745 DEBUG [Forwarding setTimeout on session 4d9cf42971caa1fd17d8140b28fc5a9b to remote] headers:138 - http-outgoing-0 >> Connection: Keep-Alive
2018-08-06 00:53:56,745 DEBUG [Forwarding setTimeout on session 4d9cf42971caa1fd17d8140b28fc5a9b to remote] headers:138 - http-outgoing-0 >> User-Agent: Apache-HttpClient/4.5.1 (Java/1.8.0_131)
2018-08-06 00:53:56,746 DEBUG [Forwarding setTimeout on session 4d9cf42971caa1fd17d8140b28fc5a9b to remote] headers:138 - http-outgoing-0 >> Accept-Encoding: gzip,deflate
2018-08-06 00:53:56,748 DEBUG [Forwarding setTimeout on session 4d9cf42971caa1fd17d8140b28fc5a9b to remote] wire:72 - http-outgoing-0 >> "POST /session/4d9cf42971caa1fd17d8140b28fc5a9b/timeouts HTTP/1.1[\r][\n]"
2018-08-06 00:53:56,749 DEBUG [Forwarding setTimeout on session 4d9cf42971caa1fd17d8140b28fc5a9b to remote] wire:72 - http-outgoing-0 >> "Content-Type: application/json; charset=utf-8[\r][\n]"
2018-08-06 00:53:56,749 DEBUG [Forwarding setTimeout on session 4d9cf42971caa1fd17d8140b28fc5a9b to remote] wire:72 - http-outgoing-0 >> "Content-Length: 29[\r][\n]"
2018-08-06 00:53:56,749 DEBUG [Forwarding setTimeout on session 4d9cf42971caa1fd17d8140b28fc5a9b to remote] wire:72 - http-outgoing-0 >> "Host: localhost:3642[\r][\n]"
2018-08-06 00:53:56,750 DEBUG [Forwarding setTimeout on session 4d9cf42971caa1fd17d8140b28fc5a9b to remote] wire:72 - http-outgoing-0 >> "Connection: Keep-Alive[\r][\n]"
2018-08-06 00:53:56,750 DEBUG [Forwarding setTimeout on session 4d9cf42971caa1fd17d8140b28fc5a9b to remote] wire:72 - http-outgoing-0 >> "User-Agent: Apache-HttpClient/4.5.1 (Java/1.8.0_131)[\r][\n]"
2018-08-06 00:53:56,750 DEBUG [Forwarding setTimeout on session 4d9cf42971caa1fd17d8140b28fc5a9b to remote] wire:72 - http-outgoing-0 >> "Accept-Encoding: gzip,deflate[\r][\n]"
2018-08-06 00:53:56,751 DEBUG [Forwarding setTimeout on session 4d9cf42971caa1fd17d8140b28fc5a9b to remote] wire:72 - http-outgoing-0 >> "[\r][\n]"
2018-08-06 00:53:56,751 DEBUG [Forwarding setTimeout on session 4d9cf42971caa1fd17d8140b28fc5a9b to remote] wire:86 - http-outgoing-0 >> "{"type":"implicit","ms":5000}"
2018-08-06 00:53:56,753 DEBUG [Forwarding setTimeout on session 4d9cf42971caa1fd17d8140b28fc5a9b to remote] wire:72 - http-outgoing-0 << "HTTP/1.1 200 OK[\r][\n]"
2018-08-06 00:53:56,753 DEBUG [Forwarding setTimeout on session 4d9cf42971caa1fd17d8140b28fc5a9b to remote] wire:72 - http-outgoing-0 << "Content-Length:72[\r][\n]"
2018-08-06 00:53:56,754 DEBUG [Forwarding setTimeout on session 4d9cf42971caa1fd17d8140b28fc5a9b to remote] wire:72 - http-outgoing-0 << "Content-Type:application/json; charset=utf-8[\r][\n]"
2018-08-06 00:53:56,754 DEBUG [Forwarding setTimeout on session 4d9cf42971caa1fd17d8140b28fc5a9b to remote] wire:72 - http-outgoing-0 << "[\r][\n]"
2018-08-06 00:53:56,754 DEBUG [Forwarding setTimeout on session 4d9cf42971caa1fd17d8140b28fc5a9b to remote] wire:86 - http-outgoing-0 << "{"sessionId":"4d9cf42971caa1fd17d8140b28fc5a9b","status":0,"value":null}"
2018-08-06 00:53:56,755 DEBUG [Forwarding setTimeout on session 4d9cf42971caa1fd17d8140b28fc5a9b to remote] headers:124 - http-outgoing-0 << HTTP/1.1 200 OK
2018-08-06 00:53:56,755 DEBUG [Forwarding setTimeout on session 4d9cf42971caa1fd17d8140b28fc5a9b to remote] headers:127 - http-outgoing-0 << Content-Length:72
2018-08-06 00:53:56,755 DEBUG [Forwarding setTimeout on session 4d9cf42971caa1fd17d8140b28fc5a9b to remote] headers:127 - http-outgoing-0 << Content-Type:application/json; charset=utf-8
2018-08-06 00:53:56,755 DEBUG [Forwarding setTimeout on session 4d9cf42971caa1fd17d8140b28fc5a9b to remote] MainClientExec:284 - Connection can be kept alive indefinitely
2018-08-06 00:53:56,755 DEBUG [Forwarding setTimeout on session 4d9cf42971caa1fd17d8140b28fc5a9b to remote] PoolingHttpClientConnectionManager:314 - Connection [id: 0][route: {}->http://localhost:3642] can be kept alive indefinitely
2018-08-06 00:53:56,757 DEBUG [Forwarding setTimeout on session 4d9cf42971caa1fd17d8140b28fc5a9b to remote] PoolingHttpClientConnectionManager:320 - Connection released: [id: 0][route: {}->http://localhost:3642][total kept alive: 1; route allocated: 1 of 2000; total allocated: 1 of 2000]
